生成启动时间为 2017-09-14 08:56:18。
     1>项目“E:\Summary\Major\保研准备\T大暑期笔记\code-parts\Leetcode\P126\P126\P126.vcxproj”在节点 2 上(Build 个目标)。
     1>ClCompile:
         C:\Program Files (x86)\Microsoft Visual Studio 11.0\VC\bin\CL.exe /c /ZI /nologo /W3 /WX- /Od /Oy- /D _MBCS /Gm /EHsc /RTC1 /MDd /GS /fp:precise /Zc:wchar_t /Zc:forScope /Fo"Debug\\" /Fd"Debug\vc110.pdb" /Gd /TP /analyze- /errorReport:prompt Source.cpp
         Source.cpp
     1>e:\summary\major\保研准备\t大暑期笔记\code-parts\leetcode\p126\p126\source.cpp(19): error C2143: 语法错误 : 缺少“)”(在“{”的前面)
     1>e:\summary\major\保研准备\t大暑期笔记\code-parts\leetcode\p126\p126\source.cpp(19): error C2661: “std::queue<_Ty>::push”: 没有重载函数接受 0 个参数
                 with
                 [
                     _Ty=std::vector<std::string>
                 ]
     1>e:\summary\major\保研准备\t大暑期笔记\code-parts\leetcode\p126\p126\source.cpp(19): error C2143: 语法错误 : 缺少“;”(在“{”的前面)
     1>e:\summary\major\保研准备\t大暑期笔记\code-parts\leetcode\p126\p126\source.cpp(19): error C2143: 语法错误 : 缺少“;”(在“}”的前面)
     1>e:\summary\major\保研准备\t大暑期笔记\code-parts\leetcode\p126\p126\source.cpp(19): error C2059: 语法错误:“)”
     1>e:\summary\major\保研准备\t大暑期笔记\code-parts\leetcode\p126\p126\source.cpp(27): warning C4018: “<”: 有符号/无符号不匹配
     1>e:\summary\major\保研准备\t大暑期笔记\code-parts\leetcode\p126\p126\source.cpp(49): warning C4018: “<”: 有符号/无符号不匹配
     1>已完成生成项目“E:\Summary\Major\保研准备\T大暑期笔记\code-parts\Leetcode\P126\P126\P126.vcxproj”(Build 个目标)的操作 - 失败。

生成失败。

已用时间 00:00:02.43
